<?xml version="1.0" encoding="UTF-8"?>
<testng-results skipped="0" failed="0" total="1" passed="1">
  <reporter-output>
  </reporter-output>
  <suite name="Suite" duration-ms="41677" started-at="2017-11-01T00:18:28Z" finished-at="2017-11-01T00:19:10Z">
    <groups>
    </groups>
    <test name="Test" duration-ms="41677" started-at="2017-11-01T00:18:28Z" finished-at="2017-11-01T00:19:10Z">
      <class name="TestScripts.BioTest">
        <test-method status="PASS" signature="setUp()[pri:0, instance:TestScripts.BioTest@58651fd0]" name="setUp" is-config="true" duration-ms="25384" started-at="2017-11-01T00:18:28Z" finished-at="2017-11-01T00:18:54Z">
          <reporter-output>
          </reporter-output>
        </test-method> <!-- setUp -->
        <test-method status="PASS" signature="bioTesting()[pri:0, instance:TestScripts.BioTest@58651fd0]" name="bioTesting" duration-ms="9627" started-at="2017-11-01T00:18:54Z" finished-at="2017-11-01T00:19:03Z">
          <reporter-output>
          </reporter-output>
        </test-method> <!-- bioTesting -->
        <test-method status="PASS" signature="tearDown()[pri:0, instance:TestScripts.BioTest@58651fd0]" name="tearDown" is-config="true" duration-ms="6641" started-at="2017-11-01T00:19:03Z" finished-at="2017-11-01T00:19:10Z">
          <reporter-output>
          </reporter-output>
        </test-method> <!-- tearDown -->
      </class> <!-- TestScripts.BioTest -->
    </test> <!-- Test -->
  </suite> <!-- Suite -->
</testng-results>
